04192023 01:17:55 PM: INFO: ***************Test_001_login**************
04192023 01:17:55 PM: INFO: ***************Verifying_Homepage_title**************
04192023 01:17:58 PM: INFO: ***************Verifying_Loginpage_title**************
04192023 01:24:23 PM: INFO: ***************Test_001_login**************
04192023 01:24:23 PM: INFO: ***************Verifying_Homepage_title**************
04192023 01:24:26 PM: INFO: ***************Verifying_Loginpage_title**************
04192023 01:26:28 PM: INFO: ***************Test_001_login**************
04192023 01:26:28 PM: INFO: ***************Verifying_Homepage_title**************
04192023 01:26:30 PM: INFO: ***************Home page title is matched**************
04192023 01:26:33 PM: INFO: ***************Verifying_Loginpage_title**************
04192023 01:26:35 PM: INFO: ***************Login page title is matched**************
04192023 01:27:42 PM: INFO: ***************Test_001_login**************
04192023 01:27:42 PM: INFO: ***************Verifying_Homepage_title**************
04192023 01:27:43 PM: INFO: ***************Home page title is matched**************
04192023 01:27:46 PM: INFO: ***************Verifying_Loginpage_title**************
04192023 01:27:47 PM: INFO: ***************Login page title is matched**************
04192023 03:20:18 PM: INFO: ***************Test_001_login**************
04192023 03:20:18 PM: INFO: ***************Verifying_Homepage_title**************
04192023 03:22:27 PM: INFO: ***************Test_001_login**************
04192023 03:22:27 PM: INFO: ***************Verifying_Homepage_title**************
04192023 03:22:28 PM: INFO: ***************Home page title is matched**************
04192023 03:22:30 PM: INFO: ***************Verifying_Loginpage_title**************
04192023 03:22:31 PM: INFO: ***************Login page title is matched**************
04192023 03:28:48 PM: INFO: ***************Test_001_login**************
04192023 03:28:48 PM: INFO: ***************Verifying_Homepage_title**************
04192023 03:28:48 PM: INFO: ***************Verifying_Loginpage_title**************
04192023 03:28:49 PM: INFO: ***************Home page title is matched**************
04192023 03:28:49 PM: INFO: ***************Login page title is matched**************
04192023 03:29:59 PM: INFO: ***************Test_001_login**************
04192023 03:29:59 PM: INFO: ***************Verifying_Homepage_title**************
04192023 03:29:59 PM: INFO: ***************Verifying_Loginpage_title**************
04192023 03:30:01 PM: INFO: ***************Home page title is matched**************
04192023 03:30:01 PM: INFO: ***************Login page title is matched**************
04192023 03:32:39 PM: INFO: ***************Verifying_Loginpage_title**************
04192023 03:32:41 PM: INFO: ***************Test_001_login**************
04192023 03:32:41 PM: INFO: ***************Verifying_Homepage_title**************
04192023 03:32:41 PM: INFO: ***************Login page title is matched**************
04192023 03:32:42 PM: INFO: ***************Home page title is matched**************
04202023 03:11:02 PM: INFO: ***************Test_001_login**************
04202023 03:11:02 PM: INFO: ***************Verifying_Homepage_title**************
04202023 03:11:03 PM: INFO: ***************Home page title is matched**************
04202023 03:11:06 PM: INFO: ***************Verifying_Loginpage_title**************
04202023 03:11:07 PM: INFO: ***************Login page title is matched**************
04202023 03:11:09 PM: INFO: ***************Verifying_Registerpage_title**************
04202023 03:11:10 PM: INFO: ***************Register page title is matched**************
04202023 03:16:56 PM: INFO: ***************Test_001_login**************
04202023 03:16:56 PM: INFO: ***************Verifying_Homepage_title**************
04202023 03:16:56 PM: INFO: ***************Home page title is matched**************
04202023 03:16:59 PM: INFO: ***************Verifying_Loginpage_title**************
04202023 03:17:00 PM: INFO: ***************Login page title is matched**************
04202023 03:17:02 PM: INFO: ***************Verifying_Registerpage_title**************
04202023 03:17:03 PM: INFO: ***************Register page title is matched**************
04202023 03:17:06 PM: INFO: ***************Verifying_Dropdownpage_title**************
04202023 03:17:06 PM: INFO: ***************Dropdown page title is matched**************
04202023 03:17:09 PM: INFO: ***************Verifying_Alert_page_title**************
04202023 03:19:43 PM: INFO: ***************Test_001_login**************
04202023 03:19:43 PM: INFO: ***************Verifying_Homepage_title**************
04202023 03:19:43 PM: INFO: ***************Home page title is matched**************
04202023 03:19:45 PM: INFO: ***************Verifying_Loginpage_title**************
04202023 03:19:46 PM: INFO: ***************Login page title is matched**************
04202023 03:19:48 PM: INFO: ***************Verifying_Registerpage_title**************
04202023 03:19:49 PM: INFO: ***************Register page title is matched**************
04202023 03:19:51 PM: INFO: ***************Verifying_Dropdownpage_title**************
04202023 03:19:52 PM: INFO: ***************Dropdown page title is matched**************
04202023 03:19:55 PM: INFO: ***************Verifying_Alert_page_title**************
04202023 03:21:02 PM: INFO: ***************Test_001_login**************
04202023 03:21:02 PM: INFO: ***************Verifying_Homepage_title**************
04202023 03:21:03 PM: INFO: ***************Home page title is matched**************
04202023 03:21:05 PM: INFO: ***************Verifying_Loginpage_title**************
04202023 03:21:06 PM: INFO: ***************Login page title is matched**************
04202023 03:21:08 PM: INFO: ***************Verifying_Registerpage_title**************
04202023 03:21:09 PM: INFO: ***************Register page title is matched**************
04202023 03:21:11 PM: INFO: ***************Verifying_Dropdownpage_title**************
04202023 03:21:12 PM: INFO: ***************Dropdown page title is matched**************
04202023 03:21:14 PM: INFO: ***************Verifying_Alert_page_title**************
04202023 03:22:38 PM: INFO: ***************Test_001_login**************
04202023 03:22:38 PM: INFO: ***************Verifying_Homepage_title**************
04202023 03:22:39 PM: INFO: ***************Home page title is matched**************
04202023 03:22:41 PM: INFO: ***************Verifying_Loginpage_title**************
04202023 03:22:42 PM: INFO: ***************Login page title is matched**************
04202023 03:22:45 PM: INFO: ***************Verifying_Registerpage_title**************
04202023 03:22:46 PM: INFO: ***************Register page title is matched**************
04202023 03:22:48 PM: INFO: ***************Verifying_Dropdownpage_title**************
04202023 03:22:49 PM: INFO: ***************Dropdown page title is matched**************
04202023 03:22:52 PM: INFO: ***************Verifying_Alert_page_title**************
04202023 03:22:52 PM: INFO: ***************Alert page title is matched**************
04202023 04:00:55 PM: INFO: ***************Test_001_login**************
04202023 04:00:55 PM: INFO: ***************Verifying_Homepage_title**************
04202023 04:00:56 PM: INFO: ***************Home page title is matched**************
04202023 04:01:56 PM: INFO: ***************Test_001_login**************
04202023 04:01:56 PM: INFO: ***************Verifying_Homepage_title**************
04202023 04:01:57 PM: INFO: ***************Home page title is matched**************
04202023 04:02:58 PM: INFO: ***************Test_001_login**************
04202023 04:02:58 PM: INFO: ***************Verifying_Homepage_title**************
04202023 04:02:58 PM: INFO: ***************Home page title is matched**************
04202023 04:10:14 PM: INFO: ***************Test_001_login**************
04202023 04:10:14 PM: INFO: ***************Verifying_Homepage_title**************
04202023 04:10:15 PM: INFO: ***************Home page title is matched**************
04202023 04:10:57 PM: INFO: ***************Test_001_login**************
04202023 04:10:57 PM: INFO: ***************Verifying_Homepage_title**************
04202023 04:10:58 PM: INFO: ***************Home page title is matched**************
04202023 04:11:45 PM: INFO: ***************Test_001_login**************
04202023 04:11:45 PM: INFO: ***************Verifying_Homepage_title**************
04202023 04:11:46 PM: INFO: ***************Home page title is matched**************
04202023 04:14:48 PM: INFO: ***************Test_001_login**************
04202023 04:14:48 PM: INFO: ***************Verifying_Homepage_title**************
04202023 04:14:48 PM: INFO: ***************Home page title is matched**************
04202023 04:17:11 PM: INFO: ***************Test_001_login**************
04202023 04:17:11 PM: INFO: ***************Verifying_Homepage_title**************
04202023 04:17:12 PM: INFO: ***************Home page title is matched**************
04202023 04:18:38 PM: INFO: ***************Test_001_login**************
04202023 04:18:38 PM: INFO: ***************Verifying_Homepage_title**************
04202023 04:18:39 PM: INFO: ***************Home page title is matched**************
04202023 04:39:15 PM: INFO: ***************Test_002_Register**************
04202023 04:39:15 PM: INFO: ***************Verifying_Homepage_title**************
04202023 04:39:16 PM: INFO: ***************Home page title is matched**************
04202023 04:39:40 PM: INFO: ***************Test_002_Register**************
04202023 04:39:40 PM: INFO: ***************Verifying_Homepage_title**************
04202023 04:39:40 PM: INFO: ***************Home page title is matched**************
04202023 04:43:52 PM: INFO: ***************Test_002_Register**************
04202023 04:43:52 PM: INFO: ***************Verifying_Homepage_title**************
04202023 04:43:53 PM: INFO: ***************Home page title is matched**************
04202023 04:43:55 PM: INFO: ***************Login page title is matched**************
04202023 04:59:58 PM: INFO: ***************Test_002_Register**************
04202023 04:59:58 PM: INFO: ***************Verifying_Homepage_title**************
04202023 04:59:58 PM: INFO: ***************Home page title is matched**************
04202023 04:59:59 PM: INFO: ***************Login page title did not matched**************
04202023 05:03:29 PM: INFO: ***************Test_002_Register**************
04202023 05:03:29 PM: INFO: ***************Verifying_Homepage_title**************
04202023 05:03:30 PM: INFO: ***************Home page title is matched**************
04202023 05:03:31 PM: INFO: ***************Login page title did not matched**************
04202023 05:06:40 PM: INFO: ***************Test_002_Register**************
04202023 05:06:40 PM: INFO: ***************Verifying_Homepage_title**************
04202023 05:06:41 PM: INFO: ***************Home page title is matched**************
04202023 05:06:42 PM: INFO: ***************Login page title did not matched**************
04202023 05:07:16 PM: INFO: ***************Test_002_Register**************
04202023 05:07:16 PM: INFO: ***************Verifying_Homepage_title**************
04202023 05:07:16 PM: INFO: ***************Home page title is matched**************
04202023 05:07:18 PM: INFO: ***************Login page title did not matched**************
04202023 05:07:43 PM: INFO: ***************Test_002_Register**************
04202023 05:07:43 PM: INFO: ***************Verifying_Homepage_title**************
04202023 05:07:44 PM: INFO: ***************Home page title is matched**************
04202023 05:07:45 PM: INFO: ***************Login page title is matched**************
04202023 05:12:16 PM: INFO: ***************Test_001_login**************
04202023 05:12:16 PM: INFO: ***************Verifying_Homepage_title**************
04202023 05:12:17 PM: INFO: ***************Home page title is matched**************
04202023 05:12:19 PM: INFO: ***************Verifying_Loginpage_title**************
04202023 05:12:20 PM: INFO: ***************Login page title is matched**************
04202023 05:12:23 PM: INFO: ***************Verifying_Registerpage_title**************
04202023 05:12:24 PM: INFO: ***************Register page title is matched**************
04202023 05:12:26 PM: INFO: ***************Verifying_Dropdownpage_title**************
04202023 05:12:27 PM: INFO: ***************Dropdown page title is matched**************
04202023 05:12:29 PM: INFO: ***************Verifying_Alert_page_title**************
04202023 05:12:30 PM: INFO: ***************Alert page title is matched**************
04202023 05:13:26 PM: INFO: ***************Test_002_Register**************
04202023 05:13:26 PM: INFO: ***************Verifying_Homepage_title**************
04202023 05:13:27 PM: INFO: ***************Home page title is matched**************
04202023 05:13:28 PM: INFO: ***************Login page title did not matched**************
04202023 05:13:46 PM: INFO: ***************Test_002_Register**************
04202023 05:13:46 PM: INFO: ***************Verifying_Homepage_title**************
04202023 05:13:47 PM: INFO: ***************Home page title is matched**************
04202023 05:13:49 PM: INFO: ***************Login page title is matched**************
04202023 05:16:43 PM: INFO: ***************Test_002_Register**************
04202023 05:16:43 PM: INFO: ***************Verifying_Homepage_title**************
04202023 05:16:43 PM: INFO: ***************Home page title is matched**************
04202023 05:16:45 PM: INFO: ***************Login page title did not matched**************
04202023 05:17:13 PM: INFO: ***************Test_002_Register**************
04202023 05:17:13 PM: INFO: ***************Verifying_Homepage_title**************
04202023 05:17:14 PM: INFO: ***************Home page title is matched**************
04202023 05:17:15 PM: INFO: ***************Login page title is matched**************
04202023 05:18:18 PM: INFO: ***************Test_002_Register**************
04202023 05:18:18 PM: INFO: ***************Verifying_Homepage_title**************
04202023 05:18:19 PM: INFO: ***************Home page title is matched**************
04202023 05:18:20 PM: INFO: ***************Login page title is matched**************
04202023 05:18:20 PM: INFO: ***************Dashboard page title is matched**************
04202023 05:57:59 PM: INFO: ***************Test_002_Register**************
04202023 05:57:59 PM: INFO: ***************Verifying_Homepage_title**************
04202023 05:58:01 PM: INFO: ***************Home page title is matched**************
04202023 05:58:02 PM: INFO: ***************Login page title is matched**************
04202023 05:58:03 PM: INFO: ***************Dashboard page title is matched**************
04202023 06:17:53 PM: INFO: ***************Test_002_Register**************
04202023 06:17:53 PM: INFO: ***************Verifying_Homepage_title**************
04202023 06:17:54 PM: INFO: ***************Home page title is matched**************
04202023 06:17:55 PM: INFO: ***************Login page title did not matched**************
04202023 06:18:17 PM: INFO: ***************Test_002_Register**************
04202023 06:18:17 PM: INFO: ***************Verifying_Homepage_title**************
04202023 06:18:18 PM: INFO: ***************Home page title is matched**************
04202023 06:18:19 PM: INFO: ***************Login page title is matched**************
04202023 06:18:20 PM: INFO: ***************Dashboard page title is matched**************
04202023 06:22:43 PM: INFO: ***************Test_002_Register**************
04202023 06:22:43 PM: INFO: ***************Verifying_Homepage_title**************
04202023 06:22:44 PM: INFO: ***************Home page title is matched**************
04202023 06:22:45 PM: INFO: ***************Login page title did not matched**************
04202023 06:23:21 PM: INFO: ***************Test_002_Register**************
04202023 06:23:21 PM: INFO: ***************Verifying_Homepage_title**************
04202023 06:23:22 PM: INFO: ***************Home page title is matched**************
04202023 06:23:23 PM: INFO: ***************Login page title is matched**************
04202023 06:23:24 PM: INFO: ***************Dashboard page title is matched**************
04202023 09:38:55 PM: INFO: ***************Test_002_Register**************
04202023 09:38:55 PM: INFO: ***************Verifying_Homepage_title**************
04202023 09:39:00 PM: INFO: ***************Home page title is matched**************
04202023 09:39:02 PM: INFO: ***************Login page title did not matched**************
04202023 09:39:22 PM: INFO: ***************Test_002_Register**************
04202023 09:39:22 PM: INFO: ***************Verifying_Homepage_title**************
04202023 09:39:31 PM: INFO: ***************Home page title is matched**************
04202023 09:39:32 PM: INFO: ***************Login page title is matched**************
04202023 09:39:33 PM: INFO: ***************Dashboard page title is matched**************
04212023 09:48:47 AM: INFO: ***************Test_002_Register**************
04212023 09:48:47 AM: INFO: ***************Verifying_Homepage_title**************
04212023 09:48:50 AM: INFO: ***************Home page title is matched**************
04212023 09:48:52 AM: INFO: ***************Login page title did not matched**************
04212023 09:50:46 AM: INFO: ***************Test_002_Register**************
04212023 09:50:46 AM: INFO: ***************Verifying_Homepage_title**************
04212023 09:50:47 AM: INFO: ***************Home page title is matched**************
04212023 09:50:48 AM: INFO: ***************Login page title is matched**************
04212023 09:50:49 AM: INFO: ***************Dashboard page title is matched**************
04212023 09:50:50 AM: INFO: ***************Dashboard page title is matched**************
04212023 09:51:31 AM: INFO: ***************Test_002_Register**************
04212023 09:51:31 AM: INFO: ***************Verifying_Homepage_title**************
04212023 09:51:33 AM: INFO: ***************Home page title is matched**************
04212023 09:51:34 AM: INFO: ***************Login page title did not matched**************
04212023 09:52:02 AM: INFO: ***************Test_002_Register**************
04212023 09:52:02 AM: INFO: ***************Verifying_Homepage_title**************
04212023 09:52:03 AM: INFO: ***************Home page title is matched**************
04212023 09:52:04 AM: INFO: ***************Login page title is matched**************
04212023 09:52:05 AM: INFO: ***************Dashboard page title is matched**************
04212023 09:52:06 AM: INFO: ***************Dashboard page title is matched**************
04212023 11:46:28 AM: INFO: 
*************** Test_003_DDT_Register***************

04212023 11:46:28 AM: INFO: *******************Verifying Registeration process******
04212023 11:46:38 AM: INFO: ***************Register Test is passsed
04212023 11:46:39 AM: INFO: ***********End of Register DDT Passed ************
04212023 11:46:39 AM: INFO: 
**********Test_003_DDT_Register**************

04212023 11:46:49 AM: INFO: ***************Register Test is passsed
04212023 11:46:49 AM: INFO: ***********End of Register DDT Passed ************
04212023 11:46:49 AM: INFO: 
**********Test_003_DDT_Register**************

04212023 11:47:00 AM: INFO: ***************Register Test is passsed
04212023 11:47:00 AM: INFO: ***********End of Register DDT Passed ************
04212023 11:47:00 AM: INFO: 
**********Test_003_DDT_Register**************

04212023 11:47:10 AM: INFO: ***************Register Test is passsed
04212023 11:47:10 AM: INFO: ***********End of Register DDT Passed ************
04212023 11:47:10 AM: INFO: 
**********Test_003_DDT_Register**************

04212023 11:47:20 AM: INFO: ***************Register Test is passsed
04212023 11:47:20 AM: INFO: ***********End of Register DDT Passed ************
04212023 11:47:20 AM: INFO: 
**********Test_003_DDT_Register**************

04212023 11:47:30 AM: INFO: ***************Register Test is passsed
04212023 11:47:30 AM: INFO: ***********End of Register DDT Passed ************
04212023 11:47:30 AM: INFO: 
**********Test_003_DDT_Register**************

04212023 11:47:39 AM: INFO: ***************Register Test is passsed
04212023 11:47:40 AM: INFO: ***********End of Register DDT Passed ************
04212023 11:47:40 AM: INFO: 
**********Test_003_DDT_Register**************

04212023 11:47:49 AM: INFO: ***************Register Test is passsed
04212023 11:47:49 AM: INFO: ***********End of Register DDT Passed ************
04212023 11:47:49 AM: INFO: 
**********Test_003_DDT_Register**************

04212023 11:47:59 AM: INFO: ***************Register Test is passsed
04212023 11:47:59 AM: INFO: ***********End of Register DDT Passed ************
04212023 11:47:59 AM: INFO: 
**********Test_003_DDT_Register**************

04212023 11:48:09 AM: INFO: ***************Register Test is passsed
04212023 11:48:09 AM: INFO: ***********End of Register DDT Passed ************
04212023 11:48:09 AM: INFO: 
**********Test_003_DDT_Register**************

04212023 11:48:19 AM: INFO: ***************Register Test is passsed
04212023 11:48:19 AM: INFO: ***********End of Register DDT Passed ************
04212023 11:48:19 AM: INFO: 
**********Test_003_DDT_Register**************

04212023 12:17:05 PM: INFO: 
*************** Test_003_DDT_Register***************

04212023 12:17:05 PM: INFO: *******************Verifying Registeration process******
04212023 12:17:17 PM: ERROR: ***********failed****************
04212023 12:17:17 PM: INFO: ***********End of Register DDT Passed ************
04212023 12:17:17 PM: INFO: 
**********Test_003_DDT_Register**************

04212023 12:17:26 PM: ERROR: ***********failed****************
04212023 12:17:26 PM: INFO: ***********End of Register DDT Passed ************
04212023 12:17:26 PM: INFO: 
**********Test_003_DDT_Register**************

04212023 12:17:36 PM: ERROR: ***********failed****************
04212023 12:17:36 PM: INFO: ***********End of Register DDT Passed ************
04212023 12:17:36 PM: INFO: 
**********Test_003_DDT_Register**************

04212023 12:17:46 PM: ERROR: ***********failed****************
04212023 12:17:46 PM: INFO: ***********End of Register DDT Passed ************
04212023 12:17:46 PM: INFO: 
**********Test_003_DDT_Register**************

04212023 12:17:56 PM: ERROR: ***********failed****************
04212023 12:17:56 PM: INFO: ***********End of Register DDT Passed ************
04212023 12:17:56 PM: INFO: 
**********Test_003_DDT_Register**************

04212023 12:18:06 PM: ERROR: ***********failed****************
04212023 12:18:06 PM: INFO: ***********End of Register DDT Passed ************
04212023 12:18:06 PM: INFO: 
**********Test_003_DDT_Register**************

04212023 12:18:16 PM: ERROR: ***********failed****************
04212023 12:18:16 PM: INFO: ***********End of Register DDT Passed ************
04212023 12:18:16 PM: INFO: 
**********Test_003_DDT_Register**************

04212023 12:18:25 PM: ERROR: ***********failed****************
04212023 12:18:25 PM: INFO: ***********End of Register DDT Passed ************
04212023 12:18:25 PM: INFO: 
**********Test_003_DDT_Register**************

04212023 12:18:35 PM: ERROR: ***********failed****************
04212023 12:18:35 PM: INFO: ***********End of Register DDT Passed ************
04212023 12:18:35 PM: INFO: 
**********Test_003_DDT_Register**************

04212023 12:18:45 PM: ERROR: ***********failed****************
04212023 12:18:45 PM: INFO: ***********End of Register DDT Passed ************
04212023 12:18:45 PM: INFO: 
**********Test_003_DDT_Register**************

04212023 12:18:54 PM: ERROR: ***********failed****************
04212023 12:18:54 PM: INFO: ***********End of Register DDT Passed ************
04212023 12:18:54 PM: INFO: 
**********Test_003_DDT_Register**************

04212023 12:20:43 PM: INFO: 
*************** Test_003_DDT_Register***************

04212023 12:20:43 PM: INFO: *******************Verifying Registeration process******
04212023 12:20:53 PM: ERROR: ***********failed****************
04212023 12:20:53 PM: INFO: ***********End of Register DDT Passed ************
04212023 12:20:53 PM: INFO: 
**********Test_003_DDT_Register**************

04212023 12:21:03 PM: ERROR: ***********failed****************
04212023 12:21:03 PM: INFO: ***********End of Register DDT Passed ************
04212023 12:21:03 PM: INFO: 
**********Test_003_DDT_Register**************

04212023 12:21:12 PM: ERROR: ***********failed****************
04212023 12:21:12 PM: INFO: ***********End of Register DDT Passed ************
04212023 12:21:12 PM: INFO: 
**********Test_003_DDT_Register**************

04212023 12:21:22 PM: ERROR: ***********failed****************
04212023 12:21:22 PM: INFO: ***********End of Register DDT Passed ************
04212023 12:21:22 PM: INFO: 
**********Test_003_DDT_Register**************

04212023 12:21:32 PM: ERROR: ***********failed****************
04212023 12:21:32 PM: INFO: ***********End of Register DDT Passed ************
04212023 12:21:32 PM: INFO: 
**********Test_003_DDT_Register**************

04212023 12:21:41 PM: ERROR: ***********failed****************
04212023 12:21:41 PM: INFO: ***********End of Register DDT Passed ************
04212023 12:21:41 PM: INFO: 
**********Test_003_DDT_Register**************

04212023 12:21:51 PM: ERROR: ***********failed****************
04212023 12:21:51 PM: INFO: ***********End of Register DDT Passed ************
04212023 12:21:51 PM: INFO: 
**********Test_003_DDT_Register**************

04212023 12:22:00 PM: ERROR: ***********failed****************
04212023 12:22:00 PM: INFO: ***********End of Register DDT Passed ************
04212023 12:22:00 PM: INFO: 
**********Test_003_DDT_Register**************

04212023 12:22:10 PM: ERROR: ***********failed****************
04212023 12:22:10 PM: INFO: ***********End of Register DDT Passed ************
04212023 12:22:10 PM: INFO: 
**********Test_003_DDT_Register**************

04212023 12:22:20 PM: ERROR: ***********failed****************
04212023 12:22:20 PM: INFO: ***********End of Register DDT Passed ************
04212023 12:22:20 PM: INFO: 
**********Test_003_DDT_Register**************

04212023 12:22:29 PM: ERROR: ***********failed****************
04212023 12:22:29 PM: INFO: ***********End of Register DDT Passed ************
04212023 12:22:29 PM: INFO: 
**********Test_003_DDT_Register**************

